<?xml version="1.0" encoding="UTF-8"?>
<robot generator="Robot 7.0 (Python 3.12.1 on darwin)" generated="2024-04-22T19:00:32.082564" rpa="false" schemaversion="5">
<suite id="s1" name="Req resApi" source="/Users/Shared/Api_testing/Req_resApi.robot">
<test id="s1-t1" name="Get On Session" line="10">
<kw name="Create Session" owner="RequestsLibrary">
<msg time="2024-04-22T19:00:32.120323" level="INFO">Creating Session using : alias=MyAPI, url=https://reqres.in/, headers={},                     cookies={}, auth=None, timeout=None, proxies=None, verify=False,                     debug=0 </msg>
<arg>MyAPI</arg>
<arg>${Base_Url}</arg>
<doc>Create Session: create a HTTP session to a server</doc>
<status status="PASS" start="2024-04-22T19:00:32.120184" elapsed="0.001021"/>
</kw>
<kw name="Get Request" owner="RequestsLibrary">
<msg time="2024-04-22T19:00:32.121479" level="WARN">Keyword 'RequestsLibrary.Get Request' is deprecated. Please use `GET On Session` instead.</msg>
<msg time="2024-04-22T19:00:32.951569" level="INFO">GET Request : url=https://reqres.in/api/users/2 
 path_url=/api/users/2 
 headers={'User-Agent': 'python-requests/2.31.0', 'Accept-Encoding': 'gzip, deflate', 'Accept': '*/*', 'Connection': 'keep-alive'} 
 body=None 
 </msg>
<msg time="2024-04-22T19:00:32.951798" level="INFO">GET Response : url=https://reqres.in/api/users/2 
 status=200, reason=OK 
 headers={'Date': 'Mon, 22 Apr 2024 13:30:32 GMT', 'Content-Type': 'application/json; charset=utf-8', 'Transfer-Encoding': 'chunked', 'Connection': 'keep-alive', 'Report-To': '{"group":"heroku-nel","max_age":3600,"endpoints":[{"url":"https://nel.heroku.com/reports?ts=1712124307&amp;sid=c4c9725f-1ab0-44d8-820f-430df2718e11&amp;s=71iExEh%2Bqf8Kx0YpyEzVA7B26OoZdZsLmvvO3hg2ImI%3D"}]}', 'Reporting-Endpoints': 'heroku-nel=https://nel.heroku.com/reports?ts=1712124307&amp;sid=c4c9725f-1ab0-44d8-820f-430df2718e11&amp;s=71iExEh%2Bqf8Kx0YpyEzVA7B26OoZdZsLmvvO3hg2ImI%3D', 'Nel': '{"report_to":"heroku-nel","max_age":3600,"success_fraction":0.005,"failure_fraction":0.05,"response_headers":["Via"]}', 'X-Powered-By': 'Express', 'Access-Control-Allow-Origin': '*', 'Etag': 'W/"118-pbdwwFo9SKNhD3Lx5iHJyngpq00"', 'Via': '1.1 vegur', 'Cache-Control': 'max-age=14400', 'CF-Cache-Status': 'HIT', 'Age': '5343', 'Vary': 'Accept-Encoding', 'Server': 'cloudflare', 'CF-RAY': '8785f813cfd8ab4d-SIN', 'Content-Encoding': 'gzip'} 
 body={"data":{"id":2,"email":"janet.weaver@reqres.in","first_name":"Janet","last_name":"Weaver","avatar":"https://reqres.in/img/faces/2-image.jpg"},"support":{"url":"https://reqres.in/#support-heading","text":"To keep ReqRes free, contributions towards server costs are appreciated!"}} 
 </msg>
<msg time="2024-04-22T19:00:32.951932" level="INFO">/Library/Frameworks/Python.framework/Versions/3.12/lib/python3.12/site-packages/urllib3/connectionpool.py:1103: InsecureRequestWarning: Unverified HTTPS request is being made to host 'reqres.in'. Adding certificate verification is strongly advised. See: https://urllib3.readthedocs.io/en/latest/advanced-usage.html#tls-warnings
  warnings.warn(</msg>
<msg time="2024-04-22T19:00:32.952172" level="INFO">${response} = &lt;Response [200]&gt;</msg>
<var>${response}</var>
<arg>MyAPI</arg>
<arg>/api/users/2</arg>
<doc>*DEPRECATED* Please use `GET On Session` instead.</doc>
<status status="PASS" start="2024-04-22T19:00:32.121408" elapsed="0.830927"/>
</kw>
<kw name="Convert To String" owner="BuiltIn">
<msg time="2024-04-22T19:00:32.953198" level="INFO">${Statuscode} = 200</msg>
<var>${Statuscode}</var>
<arg>${response.status_code}</arg>
<doc>Converts the given item to a Unicode string.</doc>
<status status="PASS" start="2024-04-22T19:00:32.952661" elapsed="0.000784"/>
</kw>
<kw name="Should Be Equal" owner="BuiltIn">
<arg>${Statuscode}</arg>
<arg>200</arg>
<doc>Fails if the given objects are unequal.</doc>
<status status="PASS" start="2024-04-22T19:00:32.953612" elapsed="0.000177"/>
</kw>
<kw name="Get From Dictionary" owner="Collections">
<msg time="2024-04-22T19:00:32.954555" level="INFO">${contentTypeValue} = application/json; charset=utf-8</msg>
<var>${contentTypeValue}</var>
<arg>${response.headers}</arg>
<arg>Content-Type</arg>
<doc>Returns a value from the given ``dictionary`` based on the given ``key``.</doc>
<status status="PASS" start="2024-04-22T19:00:32.954112" elapsed="0.000522"/>
</kw>
<kw name="Should Be Equal" owner="BuiltIn">
<arg>${contentTypeValue}</arg>
<arg>application/json; charset=utf-8</arg>
<doc>Fails if the given objects are unequal.</doc>
<status status="PASS" start="2024-04-22T19:00:32.954781" elapsed="0.000170"/>
</kw>
<status status="PASS" start="2024-04-22T19:00:32.119828" elapsed="0.835258"/>
</test>
<status status="PASS" start="2024-04-22T19:00:32.084673" elapsed="0.870978"/>
</suite>
<statistics>
<total>
<stat pass="1" fail="0" skip="0">All Tests</stat>
</total>
<tag>
</tag>
<suite>
<stat pass="1" fail="0" skip="0" id="s1" name="Req resApi">Req resApi</stat>
</suite>
</statistics>
<errors>
<msg time="2024-04-22T19:00:32.121479" level="WARN">Keyword 'RequestsLibrary.Get Request' is deprecated. Please use `GET On Session` instead.</msg>
</errors>
</robot>
